<?xml version="1.0" encoding="UTF-8"?>
<!-- Generated by org.testng.reporters.JUnitReportReporter -->
<testsuite hostname="DELL" failures="0" tests="2" name="testng.Testng" time="0.020" errors="0" timestamp="2022-09-18T20:31:09 IST" skipped="0">
  <testcase classname="testng.Testng" name="testB" time="0.009"/>
  <system-out/>
  <testcase classname="testng.Testng" name="testA" time="0.011"/>
  <system-out/>
</testsuite> <!-- testng.Testng -->
