<?xml version="1.0" encoding="UTF-8"?>
<!-- Generated by org.testng.reporters.JUnitReportReporter -->
<testsuite hostname="DELL" failures="0" tests="4" name="testng.Keyword" time="0.018" errors="0" timestamp="2022-09-22T20:12:55 IST" skipped="1">
  <testcase classname="testng.Keyword" name="testd" time="0.005"/>
  <system-out/>
  <testcase classname="testng.Keyword" name="testc" time="0.004"/>
  <system-out/>
  <testcase classname="testng.Keyword" name="testB" time="0.009"/>
  <system-out/>
  <testcase classname="testng.Keyword" name="testA">
    <skipped/>
  </testcase> <!-- testA -->
  <system-out/>
</testsuite> <!-- testng.Keyword -->
