<?xml version="1.0" encoding="UTF-8"?>
<!-- Generated by org.testng.reporters.JUnitReportReporter -->
<testsuite hostname="DELL" failures="0" tests="6" name="testNG1.Test2" time="0.060" errors="0" timestamp="2022-09-29T11:19:49 IST" skipped="0">
  <testcase classname="testNG1.Test2" name="testD" time="0.005"/>
  <system-out/>
  <testcase classname="testNG1.Test2" name="testD" time="0.016"/>
  <system-out/>
  <testcase classname="testNG1.Test2" name="testC" time="0.003"/>
  <system-out/>
  <testcase classname="testNG1.Test2" name="testC" time="0.005"/>
  <system-out/>
  <testcase classname="testNG1.Test2" name="testC" time="0.025"/>
  <system-out/>
  <testcase classname="testNG1.Test2" name="testD" time="0.006"/>
  <system-out/>
</testsuite> <!-- testNG1.Test2 -->
